This is pdfTeX, Version 3.14159265-2.6-1.40.17 (TeX Live 2016/W32TeX) (preloaded format=pdflatex 2016.10.17)  1 DEC 2016 17:03
entering extended mode
 restricted \write18 enabled.
 %&-line parsing enabled.
**./Mackler_Crabb_PMR_Project_Report.tex
(./Mackler_Crabb_PMR_Project_Report.tex
LaTeX2e <2016/03/31> patch level 3
Babel <3.9r> and hyphenation patterns for 5 language(s) loaded.
(c:/texlive/2016/texmf-dist/tex/latex/base/article.cls
Document Class: article 2014/09/29 v1.4h Standard LaTeX document class
(c:/texlive/2016/texmf-dist/tex/latex/base/size11.clo
File: size11.clo 2014/09/29 v1.4h Standard LaTeX file (size option)
)
\c@part=\count79
\c@section=\count80
\c@subsection=\count81
\c@subsubsection=\count82
\c@paragraph=\count83
\c@subparagraph=\count84
\c@figure=\count85
\c@table=\count86
\abovecaptionskip=\skip41
\belowcaptionskip=\skip42
\bibindent=\dimen102
)
(c:/texlive/2016/texmf-dist/tex/latex/graphics/graphicx.sty
Package: graphicx 2014/10/28 v1.0g Enhanced LaTeX Graphics (DPC,SPQR)

(c:/texlive/2016/texmf-dist/tex/latex/graphics/keyval.sty
Package: keyval 2014/10/28 v1.15 key=value parser (DPC)
\KV@toks@=\toks14
)
(c:/texlive/2016/texmf-dist/tex/latex/graphics/graphics.sty
Package: graphics 2016/07/10 v1.0t Standard LaTeX Graphics (DPC,SPQR)

(c:/texlive/2016/texmf-dist/tex/latex/graphics/trig.sty
Package: trig 2016/01/03 v1.10 sin cos tan (DPC)
)
(c:/texlive/2016/texmf-dist/tex/latex/graphics-cfg/graphics.cfg
File: graphics.cfg 2016/06/04 v1.11 sample graphics configuration
)
Package graphics Info: Driver file: pdftex.def on input line 99.

(c:/texlive/2016/texmf-dist/tex/latex/graphics-def/pdftex.def
File: pdftex.def 2016/07/10 v0.06j Graphics/color for pdfTeX

(c:/texlive/2016/texmf-dist/tex/generic/oberdiek/infwarerr.sty
Package: infwarerr 2016/05/16 v1.4 Providing info/warning/error messages (HO)
)
(c:/texlive/2016/texmf-dist/tex/generic/oberdiek/ltxcmds.sty
Package: ltxcmds 2016/05/16 v1.23 LaTeX kernel commands for general use (HO)
)
\Gread@gobject=\count87
))
\Gin@req@height=\dimen103
\Gin@req@width=\dimen104
)
(c:/texlive/2016/texmf-dist/tex/latex/amsmath/amsmath.sty
Package: amsmath 2016/06/28 v2.15d AMS math features
\@mathmargin=\skip43

For additional information on amsmath, use the `?' option.
(c:/texlive/2016/texmf-dist/tex/latex/amsmath/amstext.sty
Package: amstext 2000/06/29 v2.01 AMS text

(c:/texlive/2016/texmf-dist/tex/latex/amsmath/amsgen.sty
File: amsgen.sty 1999/11/30 v2.0 generic functions
\@emptytoks=\toks15
\ex@=\dimen105
))
(c:/texlive/2016/texmf-dist/tex/latex/amsmath/amsbsy.sty
Package: amsbsy 1999/11/29 v1.2d Bold Symbols
\pmbraise@=\dimen106
)
(c:/texlive/2016/texmf-dist/tex/latex/amsmath/amsopn.sty
Package: amsopn 2016/03/08 v2.02 operator names
)
\inf@bad=\count88
LaTeX Info: Redefining \frac on input line 199.
\uproot@=\count89
\leftroot@=\count90
LaTeX Info: Redefining \overline on input line 297.
\classnum@=\count91
\DOTSCASE@=\count92
LaTeX Info: Redefining \ldots on input line 394.
LaTeX Info: Redefining \dots on input line 397.
LaTeX Info: Redefining \cdots on input line 518.
\Mathstrutbox@=\box26
\strutbox@=\box27
\big@size=\dimen107
LaTeX Font Info:    Redeclaring font encoding OML on input line 634.
LaTeX Font Info:    Redeclaring font encoding OMS on input line 635.
\macc@depth=\count93
\c@MaxMatrixCols=\count94
\dotsspace@=\muskip10
\c@parentequation=\count95
\dspbrk@lvl=\count96
\tag@help=\toks16
\row@=\count97
\column@=\count98
\maxfields@=\count99
\andhelp@=\toks17
\eqnshift@=\dimen108
\alignsep@=\dimen109
\tagshift@=\dimen110
\tagwidth@=\dimen111
\totwidth@=\dimen112
\lineht@=\dimen113
\@envbody=\toks18
\multlinegap=\skip44
\multlinetaggap=\skip45
\mathdisplay@stack=\toks19
LaTeX Info: Redefining \[ on input line 2739.
LaTeX Info: Redefining \] on input line 2740.
)
(c:/texlive/2016/texmf-dist/tex/latex/hyperref/hyperref.sty
Package: hyperref 2016/06/24 v6.83q Hypertext links for LaTeX

(c:/texlive/2016/texmf-dist/tex/generic/oberdiek/hobsub-hyperref.sty
Package: hobsub-hyperref 2016/05/16 v1.14 Bundle oberdiek, subset hyperref (HO)


(c:/texlive/2016/texmf-dist/tex/generic/oberdiek/hobsub-generic.sty
Package: hobsub-generic 2016/05/16 v1.14 Bundle oberdiek, subset generic (HO)
Package: hobsub 2016/05/16 v1.14 Construct package bundles (HO)
Package hobsub Info: Skipping package `infwarerr' (already loaded).
Package hobsub Info: Skipping package `ltxcmds' (already loaded).
Package: ifluatex 2016/05/16 v1.4 Provides the ifluatex switch (HO)
Package ifluatex Info: LuaTeX not detected.
Package: ifvtex 2016/05/16 v1.6 Detect VTeX and its facilities (HO)
Package ifvtex Info: VTeX not detected.
Package: intcalc 2016/05/16 v1.2 Expandable calculations with integers (HO)
Package: ifpdf 2016/05/14 v3.1 Provides the ifpdf switch
Package: etexcmds 2016/05/16 v1.6 Avoid name clashes with e-TeX commands (HO)
Package etexcmds Info: Could not find \expanded.
(etexcmds)             That can mean that you are not using pdfTeX 1.50 or
(etexcmds)             that some package has redefined \expanded.
(etexcmds)             In the latter case, load this package earlier.
Package: kvsetkeys 2016/05/16 v1.17 Key value parser (HO)
Package: kvdefinekeys 2016/05/16 v1.4 Define keys (HO)
Package: pdftexcmds 2016/05/21 v0.22 Utility functions of pdfTeX for LuaTeX (HO
)
Package pdftexcmds Info: LuaTeX not detected.
Package pdftexcmds Info: \pdf@primitive is available.
Package pdftexcmds Info: \pdf@ifprimitive is available.
Package pdftexcmds Info: \pdfdraftmode found.
Package: pdfescape 2016/05/16 v1.14 Implements pdfTeX's escape features (HO)
Package: bigintcalc 2016/05/16 v1.4 Expandable calculations on big integers (HO
)
Package: bitset 2016/05/16 v1.2 Handle bit-vector datatype (HO)
Package: uniquecounter 2016/05/16 v1.3 Provide unlimited unique counter (HO)
)
Package hobsub Info: Skipping package `hobsub' (already loaded).
Package: letltxmacro 2016/05/16 v1.5 Let assignment for LaTeX macros (HO)
Package: hopatch 2016/05/16 v1.3 Wrapper for package hooks (HO)
Package: xcolor-patch 2016/05/16 xcolor patch
Package: atveryend 2016/05/16 v1.9 Hooks at the very end of document (HO)
Package atveryend Info: \enddocument detected (standard20110627).
Package: atbegshi 2016/06/09 v1.18 At begin shipout hook (HO)
Package: refcount 2016/05/16 v3.5 Data extraction from label references (HO)
Package: hycolor 2016/05/16 v1.8 Color options for hyperref/bookmark (HO)
)
(c:/texlive/2016/texmf-dist/tex/generic/ifxetex/ifxetex.sty
Package: ifxetex 2010/09/12 v0.6 Provides ifxetex conditional
)
(c:/texlive/2016/texmf-dist/tex/latex/oberdiek/auxhook.sty
Package: auxhook 2016/05/16 v1.4 Hooks for auxiliary files (HO)
)
(c:/texlive/2016/texmf-dist/tex/latex/oberdiek/kvoptions.sty
Package: kvoptions 2016/05/16 v3.12 Key value format for package options (HO)
)
\@linkdim=\dimen114
\Hy@linkcounter=\count100
\Hy@pagecounter=\count101

(c:/texlive/2016/texmf-dist/tex/latex/hyperref/pd1enc.def
File: pd1enc.def 2016/06/24 v6.83q Hyperref: PDFDocEncoding definition (HO)
)
\Hy@SavedSpaceFactor=\count102

(c:/texlive/2016/texmf-dist/tex/latex/latexconfig/hyperref.cfg
File: hyperref.cfg 2002/06/06 v1.2 hyperref configuration of TeXLive
)
Package hyperref Info: Hyper figures OFF on input line 4486.
Package hyperref Info: Link nesting OFF on input line 4491.
Package hyperref Info: Hyper index ON on input line 4494.
Package hyperref Info: Plain pages OFF on input line 4501.
Package hyperref Info: Backreferencing OFF on input line 4506.
Package hyperref Info: Implicit mode ON; LaTeX internals redefined.
Package hyperref Info: Bookmarks ON on input line 4735.
\c@Hy@tempcnt=\count103

(c:/texlive/2016/texmf-dist/tex/latex/url/url.sty
\Urlmuskip=\muskip11
Package: url 2013/09/16  ver 3.4  Verb mode for urls, etc.
)
LaTeX Info: Redefining \url on input line 5088.
\XeTeXLinkMargin=\dimen115
\Fld@menulength=\count104
\Field@Width=\dimen116
\Fld@charsize=\dimen117
Package hyperref Info: Hyper figures OFF on input line 6342.
Package hyperref Info: Link nesting OFF on input line 6347.
Package hyperref Info: Hyper index ON on input line 6350.
Package hyperref Info: backreferencing OFF on input line 6357.
Package hyperref Info: Link coloring OFF on input line 6362.
Package hyperref Info: Link coloring with OCG OFF on input line 6367.
Package hyperref Info: PDF/A mode OFF on input line 6372.
LaTeX Info: Redefining \ref on input line 6412.
LaTeX Info: Redefining \pageref on input line 6416.
\Hy@abspage=\count105
\c@Item=\count106
\c@Hfootnote=\count107
)

Package hyperref Message: Driver (autodetected): hpdftex.

(c:/texlive/2016/texmf-dist/tex/latex/hyperref/hpdftex.def
File: hpdftex.def 2016/06/24 v6.83q Hyperref driver for pdfTeX
\Fld@listcount=\count108
\c@bookmark@seq@number=\count109

(c:/texlive/2016/texmf-dist/tex/latex/oberdiek/rerunfilecheck.sty
Package: rerunfilecheck 2016/05/16 v1.8 Rerun checks for auxiliary files (HO)
Package uniquecounter Info: New unique counter `rerunfilecheck' on input line 2
82.
)
\Hy@SectionHShift=\skip46
)
(./Mackler_Crabb_PMR_Project_Report.aux)
\openout1 = `Mackler_Crabb_PMR_Project_Report.aux'.

LaTeX Font Info:    Checking defaults for OML/cmm/m/it on input line 24.
LaTeX Font Info:    ... okay on input line 24.
LaTeX Font Info:    Checking defaults for T1/cmr/m/n on input line 24.
LaTeX Font Info:    ... okay on input line 24.
LaTeX Font Info:    Checking defaults for OT1/cmr/m/n on input line 24.
LaTeX Font Info:    ... okay on input line 24.
LaTeX Font Info:    Checking defaults for OMS/cmsy/m/n on input line 24.
LaTeX Font Info:    ... okay on input line 24.
LaTeX Font Info:    Checking defaults for OMX/cmex/m/n on input line 24.
LaTeX Font Info:    ... okay on input line 24.
LaTeX Font Info:    Checking defaults for U/cmr/m/n on input line 24.
LaTeX Font Info:    ... okay on input line 24.
LaTeX Font Info:    Checking defaults for PD1/pdf/m/n on input line 24.
LaTeX Font Info:    ... okay on input line 24.

(c:/texlive/2016/texmf-dist/tex/context/base/mkii/supp-pdf.mkii
[Loading MPS to PDF converter (version 2006.09.02).]
\scratchcounter=\count110
\scratchdimen=\dimen118
\scratchbox=\box28
\nofMPsegments=\count111
\nofMParguments=\count112
\everyMPshowfont=\toks20
\MPscratchCnt=\count113
\MPscratchDim=\dimen119
\MPnumerator=\count114
\makeMPintoPDFobject=\count115
\everyMPtoPDFconversion=\toks21
) (c:/texlive/2016/texmf-dist/tex/latex/oberdiek/epstopdf-base.sty
Package: epstopdf-base 2016/05/15 v2.6 Base part for package epstopdf

(c:/texlive/2016/texmf-dist/tex/latex/oberdiek/grfext.sty
Package: grfext 2016/05/16 v1.2 Manage graphics extensions (HO)
)
Package epstopdf-base Info: Redefining graphics rule for `.eps' on input line 4
38.
Package grfext Info: Graphics extension search list:
(grfext)             [.png,.pdf,.jpg,.mps,.jpeg,.jbig2,.jb2,.PNG,.PDF,.JPG,.JPE
G,.JBIG2,.JB2,.eps]
(grfext)             \AppendGraphicsExtensions on input line 456.

(c:/texlive/2016/texmf-dist/tex/latex/latexconfig/epstopdf-sys.cfg
File: epstopdf-sys.cfg 2010/07/13 v1.3 Configuration of (r)epstopdf for TeX Liv
e
))
\AtBeginShipoutBox=\box29
Package hyperref Info: Link coloring OFF on input line 24.

(c:/texlive/2016/texmf-dist/tex/latex/hyperref/nameref.sty
Package: nameref 2016/05/21 v2.44 Cross-referencing by name of section

(c:/texlive/2016/texmf-dist/tex/generic/oberdiek/gettitlestring.sty
Package: gettitlestring 2016/05/16 v1.5 Cleanup title references (HO)
)
\c@section@level=\count116
)
LaTeX Info: Redefining \ref on input line 24.
LaTeX Info: Redefining \pageref on input line 24.
LaTeX Info: Redefining \nameref on input line 24.

(./Mackler_Crabb_PMR_Project_Report.out)
(./Mackler_Crabb_PMR_Project_Report.out)
\@outlinefile=\write3
\openout3 = `Mackler_Crabb_PMR_Project_Report.out'.

LaTeX Font Info:    Try loading font information for OMS+cmr on input line 35.

(c:/texlive/2016/texmf-dist/tex/latex/base/omscmr.fd
File: omscmr.fd 2014/09/29 v2.5h Standard LaTeX font definitions
)
LaTeX Font Info:    Font shape `OMS/cmr/m/n' in size <10.95> not available
(Font)              Font shape `OMS/cmsy/m/n' tried instead on input line 35.

<images/NonUniform1.png, id=72, 578.16pt x 433.62pt>
File: images/NonUniform1.png Graphic file (type png)

<use images/NonUniform1.png>
Package pdftex.def Info: images/NonUniform1.png used on input line 49.
(pdftex.def)             Requested size: 231.2599pt x 173.44492pt.

<images/NonUniform3.png, id=74, 578.16pt x 433.62pt>
File: images/NonUniform3.png Graphic file (type png)

<use images/NonUniform3.png>
Package pdftex.def Info: images/NonUniform3.png used on input line 50.
(pdftex.def)             Requested size: 231.2599pt x 173.44492pt.

<images/NonUniform5.png, id=75, 578.16pt x 433.62pt>
File: images/NonUniform5.png Graphic file (type png)

<use images/NonUniform5.png>
Package pdftex.def Info: images/NonUniform5.png used on input line 52.
(pdftex.def)             Requested size: 231.2599pt x 173.44492pt.

<images/NonUniform7.png, id=76, 578.16pt x 433.62pt>
File: images/NonUniform7.png Graphic file (type png)

<use images/NonUniform7.png>
Package pdftex.def Info: images/NonUniform7.png used on input line 53.
(pdftex.def)             Requested size: 231.2599pt x 173.44492pt.

<images/NonUniform9.png, id=77, 578.16pt x 433.62pt>
File: images/NonUniform9.png Graphic file (type png)

<use images/NonUniform9.png>
Package pdftex.def Info: images/NonUniform9.png used on input line 55.
(pdftex.def)             Requested size: 231.2599pt x 173.44492pt.

<images/NonUniformSaturation.png, id=78, 578.16pt x 433.62pt>
File: images/NonUniformSaturation.png Graphic file (type png)

<use images/NonUniformSaturation.png>
Package pdftex.def Info: images/NonUniformSaturation.png used on input line 56.

(pdftex.def)             Requested size: 231.2599pt x 173.44492pt.
 [1

{c:/texlive/2016/texmf-var/fonts/map/pdftex/updmap/pdftex.map}]
<images/VisibleCratersvsTimeNonUniform.png, id=91, 578.16pt x 433.62pt>
File: images/VisibleCratersvsTimeNonUniform.png Graphic file (type png)

<use images/VisibleCratersvsTimeNonUniform.png>
Package pdftex.def Info: images/VisibleCratersvsTimeNonUniform.png used on inpu
t line 59.
(pdftex.def)             Requested size: 491.43832pt x 368.57874pt.

Overfull \hbox (4.96584pt too wide) in paragraph at lines 59--60
[] 
 []

[2 <./images/NonUniform1.png> <./images/NonUniform3.png> <./images/NonUniform5.
png> <./images/NonUniform7.png> <./images/NonUniform9.png> <./images/NonUniform
Saturation.png>] [3 <./images/VisibleCratersvsTimeNonUniform.png>]
<images/Uniform1.png, id=110, 578.16pt x 433.62pt>
File: images/Uniform1.png Graphic file (type png)
 <use images/Uniform1.png>
Package pdftex.def Info: images/Uniform1.png used on input line 76.
(pdftex.def)             Requested size: 231.2599pt x 173.44492pt.

<images/Uniform3.png, id=111, 578.16pt x 433.62pt>
File: images/Uniform3.png Graphic file (type png)
 <use images/Uniform3.png>
Package pdftex.def Info: images/Uniform3.png used on input line 77.
(pdftex.def)             Requested size: 231.2599pt x 173.44492pt.

<images/Uniform5.png, id=112, 578.16pt x 433.62pt>
File: images/Uniform5.png Graphic file (type png)
 <use images/Uniform5.png>
Package pdftex.def Info: images/Uniform5.png used on input line 79.
(pdftex.def)             Requested size: 231.2599pt x 173.44492pt.

<images/Uniform7.png, id=113, 578.16pt x 433.62pt>
File: images/Uniform7.png Graphic file (type png)
 <use images/Uniform7.png>
Package pdftex.def Info: images/Uniform7.png used on input line 80.
(pdftex.def)             Requested size: 231.2599pt x 173.44492pt.

<images/Uniform9.png, id=114, 578.16pt x 433.62pt>
File: images/Uniform9.png Graphic file (type png)
 <use images/Uniform9.png>
Package pdftex.def Info: images/Uniform9.png used on input line 82.
(pdftex.def)             Requested size: 231.2599pt x 173.44492pt.

<images/UniformSaturation.png, id=115, 578.16pt x 433.62pt>
File: images/UniformSaturation.png Graphic file (type png)

<use images/UniformSaturation.png>
Package pdftex.def Info: images/UniformSaturation.png used on input line 83.
(pdftex.def)             Requested size: 231.2599pt x 173.44492pt.

<images/VisibleCratersvsTimeUniform.png, id=116, 578.16pt x 433.62pt>
File: images/VisibleCratersvsTimeUniform.png Graphic file (type png)

<use images/VisibleCratersvsTimeUniform.png>
Package pdftex.def Info: images/VisibleCratersvsTimeUniform.png used on input l
ine 86.
(pdftex.def)             Requested size: 491.43832pt x 368.57874pt.

Overfull \hbox (4.96584pt too wide) in paragraph at lines 86--87
[] 
 []

[4 <./images/Uniform1.png> <./images/Uniform3.png> <./images/Uniform5.png> <./i
mages/Uniform7.png> <./images/Uniform9.png> <./images/UniformSaturation.png>]
Underfull \hbox (badness 10000) in paragraph at lines 99--100

 []

[5 <./images/VisibleCratersvsTimeUniform.png>] [6]
Overfull \hbox (59.65285pt too wide) in paragraph at lines 196--196
[]\OT1/cmtt/m/n/10.95 This simulation took %f seconds to run.""" %(len(visible)
, totalcount, totalcount*1000, total))[] 
 []

[7] [8]
Overfull \hbox (59.65285pt too wide) in paragraph at lines 276--276
[]\OT1/cmtt/m/n/10.95 This simulation took %f seconds to run.""" %(len(visible)
, totalcount, totalcount*1000, total))[] 
 []

Package atveryend Info: Empty hook `BeforeClearDocument' on input line 278.
[9]
Package atveryend Info: Empty hook `AfterLastShipout' on input line 278.
 (./Mackler_Crabb_PMR_Project_Report.aux)
Package atveryend Info: Executing hook `AtVeryEndDocument' on input line 278.
Package atveryend Info: Executing hook `AtEndAfterFileList' on input line 278.
Package rerunfilecheck Info: File `Mackler_Crabb_PMR_Project_Report.out' has no
t changed.
(rerunfilecheck)             Checksum: B440C1FCE60CDB37324672D9C6DB603F;1209.
Package atveryend Info: Empty hook `AtVeryVeryEnd' on input line 278.
 ) 
Here is how much of TeX's memory you used:
 5798 strings out of 494902
 85154 string characters out of 6180031
 170243 words of memory out of 5000000
 9019 multiletter control sequences out of 15000+600000
 10530 words of font info for 38 fonts, out of 8000000 for 9000
 36 hyphenation exceptions out of 8191
 29i,6n,28p,813b,445s stack positions out of 5000i,500n,10000p,200000b,80000s
<c:/texlive/2016/texmf-dist/fonts/type1/public/amsfonts/cm/cmbx10.pfb><c:/tex
live/2016/texmf-dist/fonts/type1/public/amsfonts/cm/cmbx12.pfb><c:/texlive/2016
/texmf-dist/fonts/type1/public/amsfonts/cm/cmex10.pfb><c:/texlive/2016/texmf-di
st/fonts/type1/public/amsfonts/cm/cmmi10.pfb><c:/texlive/2016/texmf-dist/fonts/
type1/public/amsfonts/cm/cmr10.pfb><c:/texlive/2016/texmf-dist/fonts/type1/publ
ic/amsfonts/cm/cmr12.pfb><c:/texlive/2016/texmf-dist/fonts/type1/public/amsfont
s/cm/cmr8.pfb><c:/texlive/2016/texmf-dist/fonts/type1/public/amsfonts/cm/cmsy10
.pfb><c:/texlive/2016/texmf-dist/fonts/type1/public/amsfonts/cm/cmsy8.pfb><c:/t
exlive/2016/texmf-dist/fonts/type1/public/amsfonts/cm/cmti10.pfb><c:/texlive/20
16/texmf-dist/fonts/type1/public/amsfonts/cm/cmtt10.pfb>
Output written on Mackler_Crabb_PMR_Project_Report.pdf (9 pages, 1687147 bytes)
.
PDF statistics:
 197 PDF objects out of 1000 (max. 8388607)
 145 compressed objects within 2 object streams
 28 named destinations out of 1000 (max. 500000)
 207 words of extra memory for PDF output out of 10000 (max. 10000000)

